SF:lib\core\error\failures.dart
DA:3,3
DA:5,0
DA:6,0
DA:11,2
DA:15,3
DA:19,3
DA:25,0
DA:29,0
DA:33,2
LF:9
LH:5
end_of_record
SF:lib\core\error\result.dart
DA:4,4
DA:9,0
DA:15,0
DA:16,0
DA:18,0
DA:24,3
DA:29,4
LF:7
LH:3
end_of_record
SF:lib\features\auth\data\auth_local_data_source.dart
DA:11,0
DA:13,0
DA:14,0
DA:17,0
DA:18,0
DA:21,0
DA:22,0
DA:25,0
DA:26,0
DA:27,0
DA:30,0
DA:31,0
DA:32,0
DA:35,0
DA:36,0
DA:38,0
DA:41,0
DA:42,0
LF:18
LH:0
end_of_record
SF:lib\features\auth\data\auth_remote_data_source.dart
DA:8,0
DA:10,0
DA:14,0
DA:16,0
DA:19,0
DA:21,0
DA:25,0
DA:28,0
DA:29,0
DA:31,0
DA:35,0
LF:11
LH:0
end_of_record
SF:lib\features\auth\data\auth_repository_implement.dart
DA:14,1
DA:19,1
DA:25,2
DA:30,0
DA:31,0
DA:33,0
DA:34,1
DA:35,2
DA:36,1
DA:37,3
DA:39,0
DA:43,0
DA:46,0
DA:48,0
DA:49,0
DA:50,0
DA:51,0
DA:52,0
DA:54,0
DA:58,1
DA:60,2
DA:61,1
DA:64,2
DA:65,1
DA:66,3
DA:67,2
DA:75,1
DA:77,2
LF:28
LH:16
end_of_record
SF:lib\features\auth\domain\user_model.dart
DA:7,2
DA:14,0
DA:15,0
DA:16,0
DA:17,0
DA:18,0
DA:19,0
DA:23,0
DA:24,0
DA:25,0
DA:26,0
DA:27,0
DA:28,0
LF:13
LH:1
end_of_record
SF:lib\features\auth\presentation\bloc\auth_bloc.dart
DA:14,3
DA:15,2
DA:16,2
DA:17,2
DA:20,1
DA:24,2
DA:26,2
DA:27,1
DA:28,1
DA:32,2
DA:33,2
DA:34,2
DA:35,2
DA:39,1
DA:43,2
DA:45,2
DA:47,2
DA:50,1
DA:54,2
DA:56,2
DA:59,2
DA:61,2
LF:22
LH:22
end_of_record
SF:lib\features\auth\presentation\bloc\auth_state.dart
DA:12,1
DA:19,1
LF:2
LH:2
end_of_record
SF:lib\features\auth\presentation\bloc\auth_event.dart
DA:9,1
LF:1
LH:1
end_of_record
SF:lib\core\error\exception_mapper.dart
DA:4,2
DA:5,2
DA:6,2
DA:7,0
DA:9,2
DA:10,0
DA:12,2
DA:13,0
DA:15,2
DA:18,2
DA:19,4
DA:21,3
DA:25,1
DA:26,1
DA:30,0
LF:15
LH:11
end_of_record
SF:lib\core\network\api_client.dart
DA:7,0
DA:8,0
DA:9,0
DA:10,0
DA:11,0
DA:12,0
DA:14,0
DA:15,0
DA:18,0
LF:9
LH:0
end_of_record
SF:lib\features\posts\data\post_remote_data_source.dart
DA:7,0
DA:9,0
DA:13,0
DA:15,0
DA:20,0
DA:23,0
DA:26,0
DA:31,0
DA:33,0
DA:36,0
DA:39,0
DA:42,0
DA:43,0
DA:45,0
DA:48,0
LF:15
LH:0
end_of_record
SF:lib\features\posts\data\post_repository_implement.dart
DA:12,1
DA:14,1
DA:20,2
DA:24,1
DA:25,1
DA:26,2
DA:27,1
DA:28,3
DA:30,0
DA:34,1
DA:41,2
DA:46,1
DA:47,0
DA:48,0
DA:49,0
DA:50,0
DA:52,0
DA:56,1
DA:59,2
DA:60,1
DA:61,1
DA:62,2
DA:63,0
DA:64,0
DA:66,0
LF:25
LH:16
end_of_record
SF:lib\features\posts\domain\post_model.dart
DA:5,1
DA:7,0
DA:8,0
DA:9,0
DA:10,0
DA:14,1
DA:16,7
DA:18,0
DA:19,0
DA:31,1
DA:41,0
DA:42,0
DA:43,0
DA:44,0
DA:45,0
DA:46,0
DA:47,0
DA:48,0
DA:49,0
DA:53,1
DA:55,1
DA:56,3
DA:57,3
DA:58,3
DA:59,3
DA:60,3
DA:61,3
DA:63,0
DA:64,0
DA:73,2
DA:80,0
DA:81,0
DA:82,0
DA:83,0
DA:84,0
DA:85,0
DA:86,0
DA:87,0
LF:38
LH:13
end_of_record
SF:lib\features\posts\presentation\bloc\post_event.dart
DA:12,1
LF:1
LH:1
end_of_record
SF:lib\features\posts\presentation\bloc\post_bloc.dart
DA:17,1
DA:18,3
DA:25,3
DA:26,2
DA:27,2
DA:28,2
DA:29,1
DA:30,1
DA:31,1
DA:35,1
DA:39,2
DA:40,2
DA:41,1
DA:44,1
DA:50,2
DA:51,2
DA:52,2
DA:54,1
DA:55,1
DA:56,1
DA:57,1
DA:58,1
DA:59,1
DA:64,2
DA:65,2
DA:69,1
DA:73,1
DA:74,1
DA:75,2
DA:77,2
DA:79,3
DA:80,2
DA:81,2
DA:82,0
DA:83,0
DA:89,2
DA:90,1
DA:91,1
DA:92,3
DA:93,1
DA:94,1
DA:95,1
DA:99,0
DA:100,0
DA:104,0
DA:108,0
DA:109,0
DA:110,0
DA:111,0
DA:116,0
DA:119,1
DA:123,2
DA:124,2
DA:125,0
DA:126,2
DA:127,1
DA:131,2
DA:134,0
DA:135,0
DA:137,1
DA:139,2
DA:140,1
LF:62
LH:49
end_of_record
SF:lib\features\posts\presentation\bloc\post_state.dart
DA:20,1
DA:29,6
DA:31,1
DA:39,1
DA:40,1
DA:41,1
DA:42,1
DA:43,1
DA:44,1
DA:45,0
DA:54,1
LF:11
LH:10
end_of_record
SF:lib\core\utils\debouncer.dart
DA:7,1
DA:9,0
DA:10,0
DA:11,0
DA:14,1
DA:15,1
LF:6
LH:3
end_of_record
